<?xml version="1.0" encoding="UTF-8"?>
<testsuite xmlns:xsi="http://www.w3.org/2001/XMLSchema-instance" xsi:noNamespaceSchemaLocation="https://maven.apache.org/surefire/maven-surefire-plugin/xsd/surefire-test-report.xsd" name="cn.edu.fudan.bug_recommendation.controller.RecommendationControllerTest" time="13.507" tests="3" errors="0" skipped="0" failures="1">
  <properties>
[...]
</properties>
  <testcase name="addBugRecommendationTestSuccess" classname="cn.edu.fudan.bug_recommendation.controller.RecommendationControllerTest" time="2.691"/>
  <testcase name="addBugRecommendationTestFail" classname="cn.edu.fudan.bug_recommendation.controller.RecommendationControllerTest" time="0.046">
    <failure message="expected:&lt;401&gt; but was:&lt;200&gt;" type="java.lang.AssertionError"><![CDATA[java.lang.AssertionError: expected:<401> but was:<200>
	at cn.edu.fudan.bug_recommendation.controller.RecommendationControllerTest.addBugRecommendationTestFail(RecommendationControllerTest.java:104)
]]></failure>
    <system-out><![CDATA[2019-03-19 16:09:20.126  INFO 29940 --- [           main] o.s.b.t.m.w.SpringBootMockServletContext : Initializing Spring FrameworkServlet ''
2019-03-19 16:09:20.126  INFO 29940 --- [           main] o.s.t.web.servlet.TestDispatcherServlet  : FrameworkServlet '': initialization started
2019-03-19 16:09:20.126  INFO 29940 --- [           main] o.s.t.web.servlet.TestDispatcherServlet  : FrameworkServlet '': initialization completed in 0 ms
cn.edu.fudan.bug_recommendation.domain.DiffPostInfo@60cbba57
]]></system-out>
    <system-err><![CDATA[Notifications are not supported for behaviour ALL_TESTINSTANCES_ARE_CREATED_FIRST
Notifications are not supported for behaviour ALL_TESTINSTANCES_ARE_CREATED_FIRST
Notifications are not supported when all test-instances are created first!
]]></system-err>
  </testcase>
  <testcase name="init" classname="cn.edu.fudan.bug_recommendation.controller.RecommendationControllerTest" time="0.016"/>
</testsuite>